<?xml version="1.0" encoding="UTF-8"?>
<testng-results ignored="0" total="3" passed="2" failed="1" skipped="0">
  <reporter-output>
  </reporter-output>
  <suite started-at="2025-03-09T21:16:13 ICT" name="Default suite" finished-at="2025-03-09T21:16:37 ICT" duration-ms="24433">
    <groups>
    </groups>
    <test started-at="2025-03-09T21:16:13 ICT" name="Default test" finished-at="2025-03-09T21:16:37 ICT" duration-ms="24433">
      <class name="Login.ShaunLogin">
        <test-method is-config="true" signature="setUp()[pri:0, instance:Login.ShaunLogin@239a307b]" started-at="2025-03-09T21:16:13 ICT" name="setUp" finished-at="2025-03-09T21:16:15 ICT" duration-ms="2571" status="PASS">
          <reporter-output>
          </reporter-output>
        </test-method> <!-- setUp -->
        <test-method signature="LoginSuccess()[pri:0, instance:Login.ShaunLogin@239a307b]" started-at="2025-03-09T21:16:15 ICT" name="LoginSuccess" description="T1: Verify login succcess" finished-at="2025-03-09T21:16:27 ICT" duration-ms="11487" status="FAIL">
          <exception class="org.openqa.selenium.TimeoutException">
            <message>
              <![CDATA[Expected condition failed: waiting for title to be "Home Page | Shaun platform demo Dec 03, 2024 Zoldyck 1004 Angel Demon". Current title: "Landing Page | Shaun platform demo Dec 03, 2024 Zoldyck 1004 Angel Demon" (tried for 10 second(s) with 500 milliseconds interval)
Build info: version: '4.23.1', revision: '656257d8e9'
System info: os.name: 'Windows 11', os.arch: 'amd64', os.version: '10.0', java.version: '22.0.2'
Driver info: org.openqa.selenium.chrome.ChromeDriver
Capabilities {acceptInsecureCerts: false, browserName: chrome, browserVersion: 134.0.6998.35, chrome: {chromedriverVersion: 133.0.6943.126 (cffa127ce7b..., userDataDir: C:\Users\acer\AppData\Local...}, fedcm:accounts: true, goog:chromeOptions: {debuggerAddress: localhost:53080}, networkConnectionEnabled: false, pageLoadStrategy: normal, platformName: windows, proxy: Proxy(), se:cdp: ws://localhost:53080/devtoo..., se:cdpVersion: 134.0.6998.35, setWindowRect: true, strictFileInteractability: false, timeouts: {implicit: 0, pageLoad: 300000, script: 30000}, unhandledPromptBehavior: dismiss and notify, webauthn:extension:credBlob: true, webauthn:extension:largeBlob: true, webauthn:extension:minPinLength: true, webauthn:extension:prf: true, webauthn:virtualAuthenticators: true}
Session ID: bb155fa07dee25857f63d0824c88184b]]>
            </message>
            <full-stacktrace>
              <![CDATA[org.openqa.selenium.TimeoutException: Expected condition failed: waiting for title to be "Home Page | Shaun platform demo Dec 03, 2024 Zoldyck 1004 Angel Demon". Current title: "Landing Page | Shaun platform demo Dec 03, 2024 Zoldyck 1004 Angel Demon" (tried for 10 second(s) with 500 milliseconds interval)
Build info: version: '4.23.1', revision: '656257d8e9'
System info: os.name: 'Windows 11', os.arch: 'amd64', os.version: '10.0', java.version: '22.0.2'
Driver info: org.openqa.selenium.chrome.ChromeDriver
Capabilities {acceptInsecureCerts: false, browserName: chrome, browserVersion: 134.0.6998.35, chrome: {chromedriverVersion: 133.0.6943.126 (cffa127ce7b..., userDataDir: C:\Users\acer\AppData\Local...}, fedcm:accounts: true, goog:chromeOptions: {debuggerAddress: localhost:53080}, networkConnectionEnabled: false, pageLoadStrategy: normal, platformName: windows, proxy: Proxy(), se:cdp: ws://localhost:53080/devtoo..., se:cdpVersion: 134.0.6998.35, setWindowRect: true, strictFileInteractability: false, timeouts: {implicit: 0, pageLoad: 300000, script: 30000}, unhandledPromptBehavior: dismiss and notify, webauthn:extension:credBlob: true, webauthn:extension:largeBlob: true, webauthn:extension:minPinLength: true, webauthn:extension:prf: true, webauthn:virtualAuthenticators: true}
Session ID: bb155fa07dee25857f63d0824c88184b
at org.openqa.selenium.support.ui.WebDriverWait.timeoutException(WebDriverWait.java:84)
at org.openqa.selenium.support.ui.FluentWait.until(FluentWait.java:228)
at Login.ShaunLogin.LoginSuccess(ShaunLogin.java:46)
at java.base/jdk.internal.reflect.DirectMethodHandleAccessor.invoke(DirectMethodHandleAccessor.java:103)
at java.base/java.lang.reflect.Method.invoke(Method.java:580)
at org.testng.internal.invokers.MethodInvocationHelper.invokeMethod(MethodInvocationHelper.java:141)
at org.testng.internal.invokers.TestInvoker.invokeMethod(TestInvoker.java:686)
at org.testng.internal.invokers.TestInvoker.invokeTestMethod(TestInvoker.java:230)
at org.testng.internal.invokers.MethodRunner.runInSequence(MethodRunner.java:63)
at org.testng.internal.invokers.TestInvoker$MethodInvocationAgent.invoke(TestInvoker.java:992)
at org.testng.internal.invokers.TestInvoker.invokeTestMethods(TestInvoker.java:203)
at org.testng.internal.invokers.TestMethodWorker.invokeTestMethods(TestMethodWorker.java:154)
at org.testng.internal.invokers.TestMethodWorker.run(TestMethodWorker.java:134)
at java.base/java.util.ArrayList.forEach(ArrayList.java:1597)
at org.testng.TestRunner.privateRun(TestRunner.java:739)
at org.testng.TestRunner.run(TestRunner.java:614)
at org.testng.SuiteRunner.runTest(SuiteRunner.java:421)
at org.testng.SuiteRunner.runSequentially(SuiteRunner.java:413)
at org.testng.SuiteRunner.privateRun(SuiteRunner.java:373)
at org.testng.SuiteRunner.run(SuiteRunner.java:312)
at org.testng.SuiteRunnerWorker.runSuite(SuiteRunnerWorker.java:52)
at org.testng.SuiteRunnerWorker.run(SuiteRunnerWorker.java:95)
at org.testng.TestNG.runSuitesSequentially(TestNG.java:1274)
at org.testng.TestNG.runSuitesLocally(TestNG.java:1208)
at org.testng.TestNG.runSuites(TestNG.java:1112)
at org.testng.TestNG.run(TestNG.java:1079)
at org.testng.remote.AbstractRemoteTestNG.run(AbstractRemoteTestNG.java:115)
at org.testng.remote.RemoteTestNG.initAndRun(RemoteTestNG.java:293)
at org.testng.remote.RemoteTestNG.main(RemoteTestNG.java:91)
]]>
            </full-stacktrace>
          </exception> <!-- org.openqa.selenium.TimeoutException -->
          <reporter-output>
          </reporter-output>
        </test-method> <!-- LoginSuccess -->
        <test-method is-config="true" signature="tearDown()[pri:0, instance:Login.ShaunLogin@239a307b]" started-at="2025-03-09T21:16:27 ICT" name="tearDown" finished-at="2025-03-09T21:16:27 ICT" duration-ms="144" status="PASS">
          <reporter-output>
          </reporter-output>
        </test-method> <!-- tearDown -->
        <test-method is-config="true" signature="setUp()[pri:0, instance:Login.ShaunLogin@239a307b]" started-at="2025-03-09T21:16:27 ICT" name="setUp" finished-at="2025-03-09T21:16:29 ICT" duration-ms="1805" status="PASS">
          <reporter-output>
          </reporter-output>
        </test-method> <!-- setUp -->
        <test-method signature="LoginWrongpass()[pri:0, instance:Login.ShaunLogin@239a307b]" started-at="2025-03-09T21:16:29 ICT" name="LoginWrongpass" description="T2: Login wrong pass" finished-at="2025-03-09T21:16:32 ICT" duration-ms="3231" status="PASS">
          <reporter-output>
          </reporter-output>
        </test-method> <!-- LoginWrongpass -->
        <test-method is-config="true" signature="tearDown()[pri:0, instance:Login.ShaunLogin@239a307b]" started-at="2025-03-09T21:16:32 ICT" name="tearDown" finished-at="2025-03-09T21:16:32 ICT" duration-ms="129" status="PASS">
          <reporter-output>
          </reporter-output>
        </test-method> <!-- tearDown -->
        <test-method is-config="true" signature="setUp()[pri:0, instance:Login.ShaunLogin@239a307b]" started-at="2025-03-09T21:16:32 ICT" name="setUp" finished-at="2025-03-09T21:16:34 ICT" duration-ms="1695" status="PASS">
          <reporter-output>
          </reporter-output>
        </test-method> <!-- setUp -->
        <test-method signature="loginWithBlankfields()[pri:0, instance:Login.ShaunLogin@239a307b]" started-at="2025-03-09T21:16:34 ICT" name="loginWithBlankfields" description="T3: login with blank fields" finished-at="2025-03-09T21:16:37 ICT" duration-ms="3223" status="PASS">
          <reporter-output>
          </reporter-output>
        </test-method> <!-- loginWithBlankfields -->
        <test-method is-config="true" signature="tearDown()[pri:0, instance:Login.ShaunLogin@239a307b]" started-at="2025-03-09T21:16:37 ICT" name="tearDown" finished-at="2025-03-09T21:16:37 ICT" duration-ms="113" status="PASS">
          <reporter-output>
          </reporter-output>
        </test-method> <!-- tearDown -->
      </class> <!-- Login.ShaunLogin -->
    </test> <!-- Default test -->
  </suite> <!-- Default suite -->
</testng-results>
